<?xml version="1.0" encoding="UTF-8"?>
<!-- Generated by org.testng.reporters.JUnitReportReporter -->
<testsuite skipped="0" hostname="ip-172-31-16-168" name="testclasses.LoginTest" tests="3" failures="0" timestamp="2022-03-15T14:09:22 UTC" time="18.178" errors="0">
  <testcase name="LoginFailureTest" time="5.555" classname="testclasses.LoginTest"/>
  <system-out/>
  <testcase name="LoginSuccessTest" time="5.921" classname="testclasses.LoginTest"/>
  <system-out/>
  <testcase name="ExternalDataTest" time="6.702" classname="testclasses.LoginTest"/>
  <system-out/>
</testsuite> <!-- testclasses.LoginTest -->
