<?xml version="1.0" encoding="UTF-8"?>
<!-- Generated by org.testng.reporters.JUnitReportReporter -->
<testsuite skipped="0" hostname="ip-172-31-16-168" name="testclasses.LoginTest" tests="3" failures="0" timestamp="2022-03-24T13:12:03 UTC" time="20.312" errors="0">
  <testcase name="LoginSuccessTest" time="7.270" classname="testclasses.LoginTest"/>
  <system-out/>
  <testcase name="ExternalDataTest" time="6.762" classname="testclasses.LoginTest"/>
  <system-out/>
  <testcase name="LoginFailureTest" time="6.280" classname="testclasses.LoginTest"/>
  <system-out/>
</testsuite> <!-- testclasses.LoginTest -->
